<?xml version="1.0" encoding="UTF-8"?>
<!-- Generated by org.testng.reporters.JUnitReportReporter -->
<testsuite hostname="DESKTOP-CGKPDK3" failures="0" tests="2" name="Facebooktest_Class.LoginTest_Class" time="27.224" errors="0" timestamp="19 Jul 2023 06:22:44 GMT" skipped="0">
  <testcase classname="Facebooktest_Class.LoginTest_Class" name="loginWithInvalidCredentials" time="2.339"/>
  <testcase classname="Facebooktest_Class.LoginTest_Class" name="postmsg" time="24.885"/>
</testsuite> <!-- Facebooktest_Class.LoginTest_Class -->
